SF:lib/src/do.dart
DA:183,1
DA:189,1
DA:190,1
DA:191,1
DA:193,1
DA:196,2
DA:199,1
DA:202,4
DA:204,1
LF:9
LH:9
end_of_record
SF:lib/src/impl/do_states.dart
DA:4,1
DA:6,1
DA:7,1
DA:11,1
DA:13,1
DA:14,1
DA:18,3
DA:23,0
DA:24,0
DA:28,3
DA:33,0
DA:34,0
LF:12
LH:8
end_of_record
SF:lib/src/impl/do_handler.dart
DA:9,3
DA:11,1
DA:13,0
DA:15,1
DA:16,1
DA:18,1
DA:19,1
DA:21,2
DA:22,2
DA:24,2
DA:25,2
DA:27,2
DA:28,2
DA:30,1
DA:31,1
DA:32,2
DA:33,3
DA:36,1
DA:37,1
DA:38,2
DA:39,2
DA:42,2
DA:48,4
DA:49,6
DA:50,1
DA:52,1
DA:56,1
DA:64,2
DA:65,2
DA:66,3
DA:67,3
DA:70,1
DA:79,2
DA:80,3
DA:81,4
DA:82,3
DA:85,1
DA:93,2
DA:94,1
DA:95,3
DA:96,3
LF:41
LH:40
end_of_record
SF:lib/src/impl/do_exception.dart
DA:6,1
DA:14,0
DA:15,0
LF:3
LH:1
end_of_record
